TN:
SF:/lin/code/js/lin-core/index.js
FNF:0
FNH:0
DA:3,1
DA:4,1
LF:2
LH:2
BRF:0
BRH:0
end_of_record
TN:
SF:/lin/code/js/lin-core/lib/index.js
FN:3,(anonymous_1)
FN:4,_callee
FN:6,_callee$
FN:37,test
FN:45,_asyncToGenerator
FN:46,(anonymous_6)
FN:47,(anonymous_7)
FN:48,step
FN:56,(anonymous_9)
FN:58,(anonymous_10)
FN:74,sleep
FN:77,(anonymous_12)
FNF:12
FNH:2
FNDA:1,(anonymous_1)
FNDA:0,_callee
FNDA:0,_callee$
FNDA:0,test
FNDA:1,_asyncToGenerator
FNDA:0,(anonymous_6)
FNDA:0,(anonymous_7)
FNDA:0,step
FNDA:0,(anonymous_9)
FNDA:0,(anonymous_10)
FNDA:0,sleep
FNDA:0,(anonymous_12)
DA:3,1
DA:4,1
DA:5,0
DA:6,0
DA:7,0
DA:8,0
DA:10,0
DA:13,0
DA:14,0
DA:15,0
DA:18,0
DA:19,0
DA:22,0
DA:25,0
DA:26,0
DA:27,0
DA:31,0
DA:37,1
DA:38,0
DA:45,1
DA:46,1
DA:47,0
DA:48,1
DA:49,0
DA:50,0
DA:52,0
DA:53,0
DA:54,0
DA:56,0
DA:57,0
DA:59,0
DA:62,0
DA:67,1
DA:68,1
DA:70,1
DA:72,1
DA:74,1
DA:75,0
DA:77,0
DA:78,0
DA:82,1
LF:41
LH:12
BRDA:8,1,0,0
BRDA:8,1,1,0
BRDA:8,1,2,0
BRDA:8,1,3,0
BRDA:8,1,4,0
BRDA:8,1,5,0
BRDA:13,2,0,0
BRDA:13,2,1,0
BRDA:53,3,0,0
BRDA:53,3,1,0
BRDA:75,4,0,0
BRDA:75,4,1,0
BRDA:75,5,0,0
BRDA:75,5,1,0
BRF:14
BRH:0
end_of_record
TN:
SF:/lin/code/js/lin-core/lib/base/index.js
FNF:0
FNH:0
DA:3,1
LF:1
LH:1
BRF:0
BRH:0
end_of_record
TN:
SF:/lin/code/js/lin-core/lib/base/base.js
FN:3,(anonymous_1)
FN:3,(anonymous_2)
FN:9,(anonymous_3)
FN:11,(anonymous_4)
FN:25,callOverrideParent
FN:38,isObject
FN:46,apply
FN:71,applyIf
FN:84,extend
FN:88,F
FNF:10
FNH:5
FNDA:0,(anonymous_1)
FNDA:5,(anonymous_2)
FNDA:4,(anonymous_3)
FNDA:0,(anonymous_4)
FNDA:0,callOverrideParent
FNDA:2,isObject
FNDA:2,apply
FNDA:0,applyIf
FNDA:2,extend
FNDA:0,F
DA:3,5
DA:5,1
DA:9,1
DA:10,4
DA:12,0
DA:15,1
DA:16,1
DA:17,1
DA:18,1
DA:20,1
DA:21,1
DA:22,1
DA:23,1
DA:25,1
DA:26,0
DA:27,0
DA:30,1
DA:31,1
DA:34,1
DA:35,0
DA:38,1
DA:40,2
DA:46,1
DA:47,2
DA:48,0
DA:51,2
DA:52,2
DA:54,2
DA:55,2
DA:58,2
DA:59,0
DA:60,0
DA:61,0
DA:62,0
DA:68,2
DA:71,1
DA:72,0
DA:74,0
DA:75,0
DA:76,0
DA:77,0
DA:81,0
DA:84,1
DA:85,2
DA:86,2
DA:88,0
DA:89,0
DA:90,0
LF:48
LH:30
BRDA:3,1,0,0
BRDA:3,1,1,1
BRDA:3,2,0,1
BRDA:3,2,1,1
BRDA:3,3,0,1
BRDA:3,3,1,4
BRDA:3,4,0,5
BRDA:3,4,1,5
BRDA:3,4,2,5
BRDA:9,5,0,1
BRDA:9,5,1,0
BRDA:9,6,0,1
BRDA:9,6,1,1
BRDA:10,7,0,0
BRDA:10,7,1,4
BRDA:12,8,0,0
BRDA:12,8,1,0
BRDA:12,9,0,0
BRDA:12,9,1,0
BRDA:12,9,2,0
BRDA:12,10,0,0
BRDA:12,10,1,0
BRDA:34,11,0,0
BRDA:34,11,1,1
BRDA:40,12,0,2
BRDA:40,12,1,2
BRDA:40,13,0,0
BRDA:40,13,1,2
BRDA:47,14,0,0
BRDA:47,14,1,2
BRDA:51,15,0,2
BRDA:51,15,1,0
BRDA:51,16,0,2
BRDA:51,16,1,2
BRDA:51,16,2,2
BRDA:51,17,0,0
BRDA:51,17,1,2
BRDA:58,18,0,0
BRDA:58,18,1,2
BRDA:61,19,0,0
BRDA:61,19,1,0
BRDA:74,20,0,0
BRDA:74,20,1,0
BRDA:76,21,0,0
BRDA:76,21,1,0
BRDA:85,22,0,2
BRDA:85,22,1,0
BRDA:86,23,0,2
BRDA:86,23,1,0
BRF:49
BRH:25
end_of_record
TN:
SF:/lin/code/js/lin-core/lib/http/index.js
FN:5,(anonymous_1)
FN:5,(anonymous_2)
FN:12,(anonymous_3)
FN:14,(anonymous_4)
FN:18,(anonymous_5)
FN:19,_callee
FN:21,_callee$
FN:107,http
FN:114,_asyncToGenerator
FN:115,(anonymous_10)
FN:116,(anonymous_11)
FN:117,step
FN:125,(anonymous_13)
FN:127,(anonymous_14)
FN:145,_httpCommUrl
FN:156,_httpUrl
FN:168,_addDefaultHeader
FN:172,_ajaxParams
FN:226,_processConfig
FNF:19
FNH:16
FNDA:0,(anonymous_1)
FNDA:2,(anonymous_2)
FNDA:1,(anonymous_3)
FNDA:0,(anonymous_4)
FNDA:1,(anonymous_5)
FNDA:1,_callee
FNDA:3,_callee$
FNDA:1,http
FNDA:1,_asyncToGenerator
FNDA:1,(anonymous_10)
FNDA:1,(anonymous_11)
FNDA:2,step
FNDA:1,(anonymous_13)
FNDA:0,(anonymous_14)
FNDA:1,_httpCommUrl
FNDA:1,_httpUrl
FNDA:2,_addDefaultHeader
FNDA:1,_ajaxParams
FNDA:1,_processConfig
DA:5,2
DA:7,1
DA:10,1
DA:12,1
DA:13,1
DA:15,0
DA:18,1
DA:19,1
DA:20,1
DA:21,1
DA:22,3
DA:23,5
DA:26,1
DA:27,1
DA:29,0
DA:30,0
DA:32,1
DA:66,1
DA:67,1
DA:70,1
DA:71,1
DA:72,1
DA:74,1
DA:75,1
DA:76,1
DA:79,0
DA:80,0
DA:81,0
DA:84,1
DA:85,1
DA:86,1
DA:89,0
DA:92,1
DA:93,0
DA:97,1
DA:101,1
DA:107,1
DA:108,1
DA:112,1
DA:114,1
DA:115,1
DA:116,1
DA:117,1
DA:118,2
DA:119,2
DA:121,0
DA:122,2
DA:123,1
DA:125,1
DA:126,1
DA:128,0
DA:131,1
DA:136,1
DA:137,1
DA:138,0
DA:140,1
DA:143,1
DA:145,1
DA:146,1
DA:147,0
DA:149,1
DA:150,0
DA:152,1
DA:156,1
DA:157,1
DA:158,0
DA:160,1
DA:161,1
DA:163,0
DA:167,1
DA:168,1
DA:169,2
DA:172,1
DA:174,1
DA:176,1
DA:177,1
DA:178,0
DA:181,1
DA:182,0
DA:184,1
DA:185,1
DA:186,0
DA:187,0
DA:192,1
DA:193,1
DA:194,0
DA:195,0
DA:197,1
DA:198,1
DA:199,1
DA:200,1
DA:203,0
DA:204,0
DA:205,0
DA:207,0
DA:210,0
DA:211,0
DA:213,0
DA:217,1
DA:218,1
DA:219,1
DA:226,1
DA:228,1
DA:230,1
DA:232,1
DA:233,1
DA:234,1
DA:235,2
DA:237,1
DA:238,0
DA:240,1
DA:242,1
DA:243,1
DA:247,1
DA:248,1
LF:115
LH:86
BRDA:5,1,0,0
BRDA:5,1,1,1
BRDA:5,2,0,1
BRDA:5,2,1,1
BRDA:5,3,0,1
BRDA:5,3,1,1
BRDA:5,4,0,2
BRDA:5,4,1,2
BRDA:5,4,2,2
BRDA:12,5,0,1
BRDA:12,5,1,0
BRDA:12,6,0,1
BRDA:12,6,1,1
BRDA:13,7,0,0
BRDA:13,7,1,1
BRDA:15,8,0,0
BRDA:15,8,1,0
BRDA:15,9,0,0
BRDA:15,9,1,0
BRDA:15,9,2,0
BRDA:15,10,0,0
BRDA:15,10,1,0
BRDA:23,11,0,1
BRDA:23,11,1,1
BRDA:23,11,2,0
BRDA:23,11,3,1
BRDA:23,11,4,1
BRDA:23,11,5,1
BRDA:23,11,6,0
BRDA:23,11,7,1
BRDA:26,12,0,1
BRDA:26,12,1,0
BRDA:84,13,0,1
BRDA:84,13,1,0
BRDA:84,14,0,1
BRDA:84,14,1,1
BRDA:84,14,2,1
BRDA:92,15,0,0
BRDA:92,15,1,1
BRDA:92,16,0,1
BRDA:92,16,1,1
BRDA:92,16,2,0
BRDA:122,17,0,1
BRDA:122,17,1,1
BRDA:137,18,0,0
BRDA:137,18,1,1
BRDA:146,19,0,0
BRDA:146,19,1,1
BRDA:146,20,0,1
BRDA:146,20,1,0
BRDA:146,20,2,0
BRDA:149,21,0,0
BRDA:149,21,1,1
BRDA:149,22,0,1
BRDA:149,22,1,0
BRDA:157,23,0,0
BRDA:157,23,1,1
BRDA:157,24,0,1
BRDA:157,24,1,1
BRDA:160,25,0,1
BRDA:160,25,1,0
BRDA:174,26,0,1
BRDA:174,26,1,0
BRDA:177,27,0,0
BRDA:177,27,1,1
BRDA:181,28,0,0
BRDA:181,28,1,1
BRDA:185,29,0,0
BRDA:185,29,1,1
BRDA:185,30,0,1
BRDA:185,30,1,1
BRDA:185,30,2,1
BRDA:193,31,0,0
BRDA:193,31,1,1
BRDA:197,32,0,1
BRDA:197,32,1,0
BRDA:197,33,0,1
BRDA:197,33,1,1
BRDA:210,34,0,0
BRDA:210,34,1,0
BRDA:228,35,0,1
BRDA:228,35,1,1
BRDA:232,36,0,1
BRDA:232,36,1,1
BRDA:242,37,0,1
BRDA:242,37,1,0
BRDA:242,38,0,1
BRDA:242,38,1,0
BRF:88
BRH:54
end_of_record
TN:
SF:/lin/code/js/lin-core/lib/http/ajax.js
FN:7,(anonymous_1)
FN:9,(anonymous_2)
FN:49,onreadystatechange
FNF:3
FNH:3
FNDA:1,(anonymous_1)
FNDA:1,(anonymous_2)
FNDA:3,onreadystatechange
DA:3,1
DA:7,1
DA:9,1
DA:10,1
DA:11,1
DA:13,0
DA:14,0
DA:17,1
DA:19,1
DA:20,1
DA:22,0
DA:25,1
DA:26,1
DA:28,1
DA:30,1
DA:31,1
DA:32,1
DA:34,1
DA:36,0
DA:39,1
DA:40,2
DA:43,1
DA:44,1
DA:46,0
DA:49,1
DA:50,3
DA:52,1
DA:54,2
DA:55,1
DA:57,1
DA:65,1
DA:66,1
DA:68,0
DA:73,1
LF:34
LH:28
BRDA:10,1,0,1
BRDA:10,1,1,0
BRDA:19,2,0,1
BRDA:19,2,1,0
BRDA:25,3,0,1
BRDA:25,3,1,0
BRDA:26,4,0,1
BRDA:26,4,1,0
BRDA:28,5,0,1
BRDA:28,5,1,1
BRDA:31,6,0,1
BRDA:31,6,1,0
BRDA:32,7,0,1
BRDA:32,7,1,0
BRDA:34,8,0,0
BRDA:34,8,1,1
BRDA:43,9,0,1
BRDA:43,9,1,0
BRDA:50,10,0,1
BRDA:50,10,1,2
BRDA:54,11,0,1
BRDA:54,11,1,1
BRDA:58,12,0,1
BRDA:58,12,1,1
BRDA:65,13,0,1
BRDA:65,13,1,0
BRF:26
BRH:17
end_of_record
